<?xml version="1.0" encoding="UTF-8"?>
<!-- Generated by org.testng.reporters.JUnitReportReporter -->
<testsuite hostname="DESKTOP-JOKB8D4" failures="0" tests="6" name="com.testng.FirstTestng" time="0.007" errors="0" timestamp="2021-03-18T00:50:14 IST" skipped="0">
  <testcase classname="com.testng.FirstTestng" name="aafirsttest" time="0.001"/>
  <system-out/>
  <testcase classname="com.testng.FirstTestng" name="abfirsttest" time="0.001"/>
  <system-out/>
  <testcase classname="com.testng.FirstTestng" name="acfirsttest" time="0.003"/>
  <system-out/>
  <testcase classname="com.testng.FirstTestng" name="acfirsttest" time="0.001"/>
  <system-out/>
  <testcase classname="com.testng.FirstTestng" name="abfirsttest" time="0.000"/>
  <system-out/>
  <testcase classname="com.testng.FirstTestng" name="aafirsttest" time="0.001"/>
  <system-out/>
</testsuite> <!-- com.testng.FirstTestng -->
