<?xml version="1.0" encoding="UTF-8"?>
<!-- Generated by org.testng.reporters.JUnitReportReporter -->
<testsuite hostname="DESKTOP-JOKB8D4" failures="0" tests="8" name="com.testng.AbcTestng" time="0.002" errors="0" timestamp="2021-03-18T00:50:14 IST" skipped="0">
  <testcase classname="com.testng.AbcTestng" name="VideoCalls" time="0.000"/>
  <system-out/>
  <testcase classname="com.testng.AbcTestng" name="VideoCalls" time="0.001"/>
  <system-out/>
  <testcase classname="com.testng.AbcTestng" name="messaging" time="0.000"/>
  <system-out/>
  <testcase classname="com.testng.AbcTestng" name="voiceCalls" time="0.000"/>
  <system-out/>
  <testcase classname="com.testng.AbcTestng" name="voiceCalls" time="0.000"/>
  <system-out/>
  <testcase classname="com.testng.AbcTestng" name="whatsappPayments" time="0.000"/>
  <system-out/>
  <testcase classname="com.testng.AbcTestng" name="messaging" time="0.000"/>
  <system-out/>
  <testcase classname="com.testng.AbcTestng" name="whatsappPayments" time="0.001"/>
  <system-out/>
</testsuite> <!-- com.testng.AbcTestng -->
