<?xml version="1.0" encoding="UTF-8"?>
<!-- Generated by org.testng.reporters.JUnitReportReporter -->
<testsuite hostname="DESKTOP-JOKB8D4" failures="0" tests="4" name="com.testng.SecondTestng" time="0.002" errors="0" timestamp="2021-03-18T00:50:14 IST" skipped="0">
  <testcase classname="com.testng.SecondTestng" name="logout" time="0.000"/>
  <system-out/>
  <testcase classname="com.testng.SecondTestng" name="contacts" time="0.000"/>
  <system-out/>
  <testcase classname="com.testng.SecondTestng" name="payment" time="0.001"/>
  <system-out/>
  <testcase classname="com.testng.SecondTestng" name="login" time="0.001"/>
  <system-out/>
</testsuite> <!-- com.testng.SecondTestng -->
